<?xml version="1.0" encoding="UTF-8"?>
<testng-results ignored="0" total="1" passed="1" failed="0" skipped="0">
  <reporter-output>
  </reporter-output>
  <suite started-at="2024-08-07T16:20:24 IST" name="Default suite" finished-at="2024-08-07T16:20:48 IST" duration-ms="24125">
    <groups>
      <group name="cucumber">
        <method signature="AbstractTestNGCucumberTests.runScenario(io.cucumber.testng.PickleWrapper,io.cucumber.testng.FeatureWrapper)[pri:0, instance:org.cucumbertests.TestNGTestRunner@5dda768f]" name="runScenario" class="io.cucumber.testng.AbstractTestNGCucumberTests"/>
      </group> <!-- cucumber -->
    </groups>
    <test started-at="2024-08-07T16:20:24 IST" name="Default test" finished-at="2024-08-07T16:20:48 IST" duration-ms="24125">
      <class name="org.cucumbertests.TestNGTestRunner">
        <test-method is-config="true" signature="setUpClass(org.testng.ITestContext)[pri:0, instance:org.cucumbertests.TestNGTestRunner@5dda768f]" started-at="2024-08-07T16:20:24 IST" name="setUpClass" finished-at="2024-08-07T16:20:25 IST" duration-ms="633" status="PASS">
          <params>
            <param index="0">
              <value>
                <![CDATA[org.testng.TestRunner@69364b2d]]>
              </value>
            </param>
          </params>
          <reporter-output>
          </reporter-output>
        </test-method> <!-- setUpClass -->
        <test-method signature="runScenario(io.cucumber.testng.PickleWrapper,io.cucumber.testng.FeatureWrapper)[pri:0, instance:org.cucumbertests.TestNGTestRunner@5dda768f]" started-at="2024-08-07T16:20:25 IST" name="runScenario" description="Runs Cucumber Scenarios" data-provider="scenarios" finished-at="2024-08-07T16:20:48 IST" duration-ms="23389" status="PASS">
          <params>
            <param index="0">
              <value>
                <![CDATA["Adding items to cart"]]>
              </value>
            </param>
            <param index="1">
              <value>
                <![CDATA["Placing the order"]]>
              </value>
            </param>
          </params>
          <reporter-output>
          </reporter-output>
        </test-method> <!-- runScenario -->
        <test-method is-config="true" signature="tearDownClass()[pri:0, instance:org.cucumbertests.TestNGTestRunner@5dda768f]" started-at="2024-08-07T16:20:48 IST" name="tearDownClass" finished-at="2024-08-07T16:20:48 IST" duration-ms="49" status="PASS">
          <reporter-output>
          </reporter-output>
        </test-method> <!-- tearDownClass -->
      </class> <!-- org.cucumbertests.TestNGTestRunner -->
    </test> <!-- Default test -->
  </suite> <!-- Default suite -->
</testng-results>
